0 info it worked if it ends with ok
1 verbose cli [ '/usr/local/bin/node', '/usr/local/bin/npm', 'publish' ]
2 info using npm@3.10.3
3 info using node@v6.5.0
4 verbose publish [ '.' ]
5 silly cache add args [ '.', null ]
6 verbose cache add spec .
7 silly cache add parsed spec Result {
7 silly cache add   raw: '.',
7 silly cache add   scope: null,
7 silly cache add   escapedName: null,
7 silly cache add   name: null,
7 silly cache add   rawSpec: '.',
7 silly cache add   spec: '/Users/martinduran/Desktop/roving-index',
7 silly cache add   type: 'directory' }
8 verbose addLocalDirectory /Users/martinduran/.npm/roving-index/1.0.1/package.tgz not in flight; packing
9 verbose correctMkdir /Users/martinduran/.npm correctMkdir not in flight; initializing
10 info lifecycle roving-index@1.0.1~prepublish: roving-index@1.0.1
11 silly lifecycle roving-index@1.0.1~prepublish: no script for prepublish, continuing
12 verbose tar pack [ '/Users/martinduran/.npm/roving-index/1.0.1/package.tgz',
12 verbose tar pack   '/Users/martinduran/Desktop/roving-index' ]
13 verbose tarball /Users/martinduran/.npm/roving-index/1.0.1/package.tgz
14 verbose folder /Users/martinduran/Desktop/roving-index
15 verbose addLocalTarball adding from inside cache /Users/martinduran/.npm/roving-index/1.0.1/package.tgz
16 verbose correctMkdir /Users/martinduran/.npm correctMkdir not in flight; initializing
17 silly cache afterAdd roving-index@1.0.1
18 verbose afterAdd /Users/martinduran/.npm/roving-index/1.0.1/package/package.json not in flight; writing
19 verbose correctMkdir /Users/martinduran/.npm correctMkdir not in flight; initializing
20 verbose afterAdd /Users/martinduran/.npm/roving-index/1.0.1/package/package.json written
21 silly publish { name: 'roving-index',
21 silly publish   version: '1.0.1',
21 silly publish   description: 'A module for managing roving index (like roving tabindex)',
21 silly publish   main: 'index.js',
21 silly publish   scripts:
21 silly publish    { build: 'browserify src/index.js -s RovingIndex -o index.js -t [ babelify --presets [ es2015 ] ]',
21 silly publish      test: 'jest' },
21 silly publish   repository:
21 silly publish    { type: 'git',
21 silly publish      url: 'git+https://github.com/martinjunior/roving-index.git' },
21 silly publish   keywords: [ 'accessibility', 'roving index' ],
21 silly publish   author: { name: 'Martin Duran' },
21 silly publish   license: 'MIT',
21 silly publish   bugs: { url: 'https://github.com/martinjunior/roving-index/issues' },
21 silly publish   homepage: 'https://github.com/martinjunior/roving-index#readme',
21 silly publish   devDependencies:
21 silly publish    { 'babel-jest': '^17.0.2',
21 silly publish      'babel-polyfill': '^6.16.0',
21 silly publish      'babel-preset-es2015': '^6.18.0',
21 silly publish      babelify: '^7.3.0',
21 silly publish      jest: '^17.0.3',
21 silly publish      sinon: '^1.17.6' },
21 silly publish   jest:
21 silly publish    { collectCoverage: true,
21 silly publish      coverageDirectory: '<rootDir>/test-coverage',
21 silly publish      verbose: true },
21 silly publish   readme: '# Roving Index\n\nIf you\'ve made keyboard accessible/navigable JavaScript widgets like an autocomplete or a custom select menu, then you\'re familiar with the idea of [roving tabindex](https://www.youtube.com/watch?v=uCIC2LNt0bk). Roving Index aims to provide a common solution to this problem, assisting with managing roving index, tab or otherwise.\n\n## Installation\n\n```\nnpm install --save roving-index\n```\n\n## Usage\n\n`RovingIndex` uses the UMD pattern, so it can be used with most module loaders or without one.\n\n```javascript\nimport RovingIndex from \'roving-index\';\n\nconst rovingIndex = new RovingIndex({\n  total: 5,\n});\n\nrovingIndex.next((oldIndex, newIndex) => {\n    console.log(newIndex); // 0\n});\n```\n\n### API\n\nThe `RovingIndex` constructor accepts a single parameter: An options object that accepts the following properties:\n\n- `cyclic`: `true` by default. Determines if the index cycles or not. For example, if the `total` is `3` and the current index is `2`, incrementing the index will set it to `0`. If `false`, then the index will stop at min and max values.\n- `index`: The default index (zero-based). This represents the active item and cannot be greater than the `total`. `-1` by default.\n- `pausable`: `false` by default. If `true`, then the index, when cycled, will pause at the index `-1`.\n- `total`: The max index. This represents the total number of items, minus one.\n\n#### Examples\n\n##### Cyclic Index\n\nThe following example demonstrates the default behavior (cyclic index). Cyclic index with cycle through the available indices start at `0` when the final index is reached and starting at the final index when `-1` is reached. Note that the `index` is zero-based.\n\n```javascript\nimport RovingIndex from \'roving-index\';\n\nconst rovingIndex = new RovingIndex({\n  total: 3,\n});\n\nrovingIndex.next((oldIndex, newIndex) => { console.log(newIndex); }); // 0\nrovingIndex.next((oldIndex, newIndex) => { console.log(newIndex); }); // 1\nrovingIndex.next((oldIndex, newIndex) => { console.log(newIndex); }); // 2\nrovingIndex.next((oldIndex, newIndex) => { console.log(newIndex); }); // 0\n```\n\n##### Finite Index\n\nThe following example demonstrates the finite index. The finite will stop at the max and min indices.\n\n```javascript\nimport RovingIndex from \'roving-index\';\n\nconst rovingIndex = new RovingIndex({\n  cyclic: false, // create a finite index\n  total: 3,\n});\n\nrovingIndex.next((oldIndex, newIndex) => { console.log(newIndex); }); // 0\nrovingIndex.next((oldIndex, newIndex) => { console.log(newIndex); }); // 1\nrovingIndex.next((oldIndex, newIndex) => { console.log(newIndex); }); // 2\nrovingIndex.next((oldIndex, newIndex) => { console.log(newIndex); }); // 2\nrovingIndex.next((oldIndex, newIndex) => { console.log(newIndex); }); // 2\n```\n\n##### Pausable Index\n\nThe following example demonstrates the pausable index. The pausable index will stop at `-1` before cycling.\n\n```javascript\nimport RovingIndex from \'roving-index\';\n\nconst rovingIndex = new RovingIndex({\n  pausable: true, // create a pausable index\n  total: 3,\n});\n\nrovingIndex.next((oldIndex, newIndex) => { console.log(newIndex); }); // 0\nrovingIndex.next((oldIndex, newIndex) => { console.log(newIndex); }); // 1\nrovingIndex.next((oldIndex, newIndex) => { console.log(newIndex); }); // 2\nrovingIndex.next((oldIndex, newIndex) => { console.log(newIndex); }); // -1 (I paused!)\nrovingIndex.next((oldIndex, newIndex) => { console.log(newIndex); }); // 0\n```\n\n#### Public Methods\n\nThe following code snippets assume an instance of `RovingIndex` has been created:\n\n```javascript\nimport RovingIndex from \'roving-index\';\n\nconst rovingIndex = new RovingIndex();\n```\n\n##### `rovingIndex.clearIndex()`\n\nClears the index, setting its value to `-1`.\n\n##### `rovingIndex.getIndex()`\n\nReturns the current index.\n\n##### `rovingIndex.getTotal()`\n\nReturns the current total.\n\n##### `rovingIndex.getTotal()`\n\nSets the total. The total represents to boundaries (min/max) for the index.\n\n##### `rovingIndex.prev(callback)`\n\nDecrements the index, triggering the provided callback afterwards. The callback receives two parameters:\n\n- `oldIndex`: the previous index\n- `newIndex`: the new index\n\n##### `rovingIndex.next(callback)`\n\nIncrements the index, triggering the provided callback afterwards. The callback receives two parameters:\n\n- `oldIndex`: the previous index\n- `newIndex`: the new index\n\n##### `rovingIndex.setIndex(index, total)`\n\nSet the active index, and, optionally, the total.\n',
21 silly publish   readmeFilename: 'README.md',
21 silly publish   gitHead: 'f8e536cc038767269eecd2f8091aebf93742dbb7',
21 silly publish   _id: 'roving-index@1.0.1',
21 silly publish   _shasum: 'd0c82ccf5eb4c46b1fe1ddb81408e8884c1c3297',
21 silly publish   _from: '.' }
22 verbose getPublishConfig undefined
23 silly mapToRegistry name roving-index
24 silly mapToRegistry using default registry
25 silly mapToRegistry registry https://registry.npmjs.org/
26 silly mapToRegistry data Result {
26 silly mapToRegistry   raw: 'roving-index',
26 silly mapToRegistry   scope: null,
26 silly mapToRegistry   escapedName: 'roving-index',
26 silly mapToRegistry   name: 'roving-index',
26 silly mapToRegistry   rawSpec: '',
26 silly mapToRegistry   spec: 'latest',
26 silly mapToRegistry   type: 'tag' }
27 silly mapToRegistry uri https://registry.npmjs.org/roving-index
28 verbose publish registryBase https://registry.npmjs.org/
29 silly publish uploading /Users/martinduran/.npm/roving-index/1.0.1/package.tgz
30 verbose request uri https://registry.npmjs.org/roving-index
31 verbose request sending authorization for write operation
32 info attempt registry request try #1 at 1:28:44 PM
33 verbose request using bearer token for auth
34 verbose request id 125b8f08ddce96e8
35 http request PUT https://registry.npmjs.org/roving-index
36 http 403 https://registry.npmjs.org/roving-index
37 verbose headers { 'content-type': 'application/json',
37 verbose headers   'cache-control': 'max-age=300',
37 verbose headers   'content-length': '95',
37 verbose headers   'accept-ranges': 'bytes',
37 verbose headers   date: 'Sat, 17 Dec 2016 19:28:45 GMT',
37 verbose headers   via: '1.1 varnish',
37 verbose headers   connection: 'keep-alive',
37 verbose headers   'x-served-by': 'cache-ord1724-ORD',
37 verbose headers   'x-cache': 'MISS',
37 verbose headers   'x-cache-hits': '0',
37 verbose headers   'x-timer': 'S1482002924.645767,VS0,VE1085',
37 verbose headers   vary: 'Accept-Encoding' }
38 verbose request invalidating /Users/martinduran/.npm/registry.npmjs.org/roving-index on PUT
39 error publish Failed PUT 403
40 verbose stack Error: "You cannot publish over the previously published version 1.0.1." : roving-index
40 verbose stack     at makeError (/usr/local/lib/node_modules/npm/node_modules/npm-registry-client/lib/request.js:264:12)
40 verbose stack     at CachingRegistryClient.<anonymous> (/usr/local/lib/node_modules/npm/node_modules/npm-registry-client/lib/request.js:252:14)
40 verbose stack     at Request._callback (/usr/local/lib/node_modules/npm/node_modules/npm-registry-client/lib/request.js:172:14)
40 verbose stack     at Request.self.callback (/usr/local/lib/node_modules/npm/node_modules/request/request.js:200:22)
40 verbose stack     at emitTwo (events.js:106:13)
40 verbose stack     at Request.emit (events.js:191:7)
40 verbose stack     at Request.<anonymous> (/usr/local/lib/node_modules/npm/node_modules/request/request.js:1067:10)
40 verbose stack     at emitOne (events.js:101:20)
40 verbose stack     at Request.emit (events.js:188:7)
40 verbose stack     at IncomingMessage.<anonymous> (/usr/local/lib/node_modules/npm/node_modules/request/request.js:988:12)
41 verbose statusCode 403
42 verbose pkgid roving-index
43 verbose cwd /Users/martinduran/Desktop/roving-index
44 error Darwin 14.5.0
45 error argv "/usr/local/bin/node" "/usr/local/bin/npm" "publish"
46 error node v6.5.0
47 error npm  v3.10.3
48 error code E403
49 error "You cannot publish over the previously published version 1.0.1." : roving-index
50 error If you need help, you may report this error at:
50 error     <https://github.com/npm/npm/issues>
51 verbose exit [ 1, true ]
